<?xml version="1.0" encoding="UTF-8"?>
<!-- Generated by org.testng.reporters.JUnitReportReporter -->
<testsuite hostname="LAPTOP-DTCTBCM0" failures="0" tests="1" name="com.duobed.TestLayer.SelectCategoryAndProductSearchPageTest" time="26.500" errors="0" timestamp="2023-04-12T19:20:19 PDT" skipped="0">
  <testcase classname="com.duobed.TestLayer.SelectCategoryAndProductSearchPageTest" name="selectcategoryfunctionality" time="26.500"/>
  <system-out/>
</testsuite> <!-- com.duobed.TestLayer.SelectCategoryAndProductSearchPageTest -->
