<?xml version="1.0" encoding="UTF-8"?>
<!-- Generated by org.testng.reporters.JUnitReportReporter -->
<testsuite hostname="LAPTOP-DTCTBCM0" failures="0" tests="1" name="com.duobed.TestBase.TestBase" time="25.269" errors="0" timestamp="2023-04-11T11:54:15 PDT" skipped="0">
  <testcase classname="com.duobed.TestBase.TestBase" name="setUp" time="25.269"/>
  <system-out/>
</testsuite> <!-- com.duobed.TestBase.TestBase -->
