<?xml version="1.0" encoding="UTF-8"?>
<!-- Generated by org.testng.reporters.JUnitReportReporter -->
<testsuite hostname="LAPTOP-DTCTBCM0" failures="0" tests="1" name="com.duobed.TestLayer.LoginPageTest" time="21.270" errors="0" timestamp="2023-04-20T16:21:51 PDT" skipped="0">
  <testcase classname="com.duobed.TestLayer.LoginPageTest" name="LoginFunctionality" time="21.270"/>
  <system-out/>
</testsuite> <!-- com.duobed.TestLayer.LoginPageTest -->
