<?xml version="1.0" encoding="UTF-8"?>
<!-- Generated by org.testng.reporters.JUnitReportReporter -->
<testsuite hostname="LAPTOP-DTCTBCM0" failures="0" tests="1" name="com.duobed.TestLayer.CreateAnAccountPageTest" time="18.045" errors="0" timestamp="2023-04-12T17:05:48 PDT" skipped="0">
  <testcase classname="com.duobed.TestLayer.CreateAnAccountPageTest" name="createAnAccountFunctionality" time="18.045"/>
  <system-out/>
</testsuite> <!-- com.duobed.TestLayer.CreateAnAccountPageTest -->
